<?xml version="1.0" encoding="UTF-8"?>
<testng-results skipped="0" failed="0" ignored="0" total="2" passed="2">
  <reporter-output>
  </reporter-output>
  <suite name="Default suite" duration-ms="49766" started-at="2020-06-10T11:30:16 IST" finished-at="2020-06-10T11:31:05 IST">
    <groups>
    </groups>
    <test name="Default test" duration-ms="49766" started-at="2020-06-10T11:30:16 IST" finished-at="2020-06-10T11:31:05 IST">
      <class name="User.Createuser">
        <test-method status="PASS" signature="Openbrowser()[pri:0, instance:User.Createuser@4b5189ac]" name="Openbrowser" is-config="true" duration-ms="8679" started-at="2020-06-10T11:30:40 IST" finished-at="2020-06-10T11:30:49 IST">
          <reporter-output>
          </reporter-output>
        </test-method> <!-- Openbrowser -->
        <test-method status="PASS" signature="Login()[pri:0, instance:User.Createuser@4b5189ac]" name="Login" is-config="true" duration-ms="481" started-at="2020-06-10T11:30:49 IST" finished-at="2020-06-10T11:30:49 IST">
          <reporter-output>
          </reporter-output>
        </test-method> <!-- Login -->
        <test-method status="PASS" signature="TestCreateuser()[pri:0, instance:User.Createuser@4b5189ac]" name="TestCreateuser" duration-ms="16022" started-at="2020-06-10T11:30:49 IST" finished-at="2020-06-10T11:31:05 IST">
          <reporter-output>
          </reporter-output>
        </test-method> <!-- TestCreateuser -->
        <test-method status="PASS" signature="Logout()[pri:0, instance:User.Createuser@4b5189ac]" name="Logout" is-config="true" duration-ms="0" started-at="2020-06-10T11:31:05 IST" finished-at="2020-06-10T11:31:05 IST">
          <reporter-output>
          </reporter-output>
        </test-method> <!-- Logout -->
        <test-method status="PASS" signature="Closebrowser()[pri:0, instance:User.Createuser@4b5189ac]" name="Closebrowser" is-config="true" duration-ms="0" started-at="2020-06-10T11:31:05 IST" finished-at="2020-06-10T11:31:05 IST">
          <reporter-output>
          </reporter-output>
        </test-method> <!-- Closebrowser -->
      </class> <!-- User.Createuser -->
      <class name="Customer.Createcustomer">
        <test-method status="PASS" signature="Openbrowser()[pri:0, instance:Customer.Createcustomer@4f704591]" name="Openbrowser" is-config="true" duration-ms="8592" started-at="2020-06-10T11:30:16 IST" finished-at="2020-06-10T11:30:24 IST">
          <reporter-output>
          </reporter-output>
        </test-method> <!-- Openbrowser -->
        <test-method status="PASS" signature="Login()[pri:0, instance:Customer.Createcustomer@4f704591]" name="Login" is-config="true" duration-ms="490" started-at="2020-06-10T11:30:24 IST" finished-at="2020-06-10T11:30:25 IST">
          <reporter-output>
          </reporter-output>
        </test-method> <!-- Login -->
        <test-method status="PASS" signature="TestCreatecustomer()[pri:0, instance:Customer.Createcustomer@4f704591]" name="TestCreatecustomer" duration-ms="15421" started-at="2020-06-10T11:30:25 IST" finished-at="2020-06-10T11:30:40 IST">
          <reporter-output>
          </reporter-output>
        </test-method> <!-- TestCreatecustomer -->
        <test-method status="PASS" signature="Logout()[pri:0, instance:Customer.Createcustomer@4f704591]" name="Logout" is-config="true" duration-ms="0" started-at="2020-06-10T11:30:40 IST" finished-at="2020-06-10T11:30:40 IST">
          <reporter-output>
          </reporter-output>
        </test-method> <!-- Logout -->
        <test-method status="PASS" signature="Closebrowser()[pri:0, instance:Customer.Createcustomer@4f704591]" name="Closebrowser" is-config="true" duration-ms="0" started-at="2020-06-10T11:30:40 IST" finished-at="2020-06-10T11:30:40 IST">
          <reporter-output>
          </reporter-output>
        </test-method> <!-- Closebrowser -->
      </class> <!-- Customer.Createcustomer -->
    </test> <!-- Default test -->
  </suite> <!-- Default suite -->
</testng-results>
